\BOOKMARK [0][]{Contents.0}{\376\377\000D\000a\000f\000t\000a\000r\000\040\000I\000s\000i}{}% 1
\BOOKMARK [0][]{chapter*.7}{\376\377\000D\000a\000f\000t\000a\000r\000\040\000G\000a\000m\000b\000a\000r}{}% 2
\BOOKMARK [0][]{chapter*.8}{\376\377\000D\000a\000f\000t\000a\000r\000\040\000T\000a\000b\000e\000l}{}% 3
\BOOKMARK [0][]{chapter.1}{\376\377\0001\000\040\000P\000E\000N\000D\000A\000H\000U\000L\000U\000A\000N}{}% 4
\BOOKMARK [1][]{section.1.1}{\376\377\0001\000.\0001\000\040\000L\000a\000t\000a\000r\000\040\000B\000e\000l\000a\000k\000a\000n\000g}{chapter.1}% 5
\BOOKMARK [1][]{section.1.2}{\376\377\0001\000.\0002\000\040\000T\000u\000j\000u\000a\000n\000\040\000P\000r\000o\000y\000e\000k\000\040\000A\000k\000h\000i\000r}{chapter.1}% 6
\BOOKMARK [1][]{section.1.3}{\376\377\0001\000.\0003\000\040\000R\000u\000m\000u\000s\000a\000n\000\040\000M\000a\000s\000a\000l\000a\000h}{chapter.1}% 7
\BOOKMARK [1][]{section.1.4}{\376\377\0001\000.\0004\000\040\000B\000a\000t\000a\000s\000a\000n\000\040\000M\000a\000s\000a\000l\000a\000h}{chapter.1}% 8
\BOOKMARK [1][]{section.1.5}{\376\377\0001\000.\0005\000\040\000M\000e\000t\000o\000d\000o\000l\000o\000g\000i\000\040\000P\000r\000o\000y\000e\000k\000\040\000A\000k\000h\000i\000r}{chapter.1}% 9
\BOOKMARK [1][]{section.1.6}{\376\377\0001\000.\0006\000\040\000S\000i\000s\000t\000e\000m\000a\000t\000i\000k\000a\000\040\000P\000e\000n\000u\000l\000i\000s\000a\000n}{chapter.1}% 10
\BOOKMARK [0][]{chapter.2}{\376\377\0002\000\040\000S\000T\000U\000D\000I\000\040\000P\000E\000N\000D\000A\000H\000U\000L\000U\000A\000N}{}% 11
\BOOKMARK [1][]{section.2.1}{\376\377\0002\000.\0001\000\040\000M\000a\000c\000a\000m\000\040\000M\000a\000c\000a\000m\000\040\000O\000p\000e\000r\000a\000s\000i\000\040\000P\000a\000s\000c\000a\000\040\000B\000e\000n\000c\000a\000n\000a}{chapter.2}% 12
\BOOKMARK [1][]{section.2.2}{\376\377\0002\000.\0002\000\040\000R\000o\000b\000o\000t\000\040\000u\000n\000t\000u\000k\000\040\000B\000e\000n\000c\000a\000n\000a}{chapter.2}% 13
\BOOKMARK [2][]{subsection.2.2.1}{\376\377\0002\000.\0002\000.\0001\000\040\000P\000e\000n\000g\000e\000r\000t\000i\000a\000n\000\040\000R\000o\000b\000o\000t\000\040\000u\000n\000t\000u\000k\000\040\000B\000e\000n\000c\000a\000n\000a}{section.2.2}% 14
\BOOKMARK [2][]{subsection.2.2.2}{\376\377\0002\000.\0002\000.\0002\000\040\000P\000e\000n\000e\000l\000i\000t\000i\000a\000n\000\040\000R\000o\000b\000o\000t\000\040\000u\000n\000t\000u\000k\000\040\000B\000e\000n\000c\000a\000n\000a\000\040\000S\000e\000b\000e\000l\000u\000m\000n\000y\000a}{section.2.2}% 15
\BOOKMARK [1][]{section.2.3}{\376\377\0002\000.\0003\000\040\000D\000e\000e\000p\000\040\000L\000e\000a\000r\000n\000i\000n\000g}{chapter.2}% 16
\BOOKMARK [2][]{subsection.2.3.1}{\376\377\0002\000.\0003\000.\0001\000\040\000P\000e\000n\000g\000e\000r\000t\000i\000a\000n\000\040\000d\000a\000n\000\040\000D\000e\000e\000p\000\040\000L\000e\000a\000r\000n\000i\000n\000g}{section.2.3}% 17
\BOOKMARK [2][]{subsection.2.3.2}{\376\377\0002\000.\0003\000.\0002\000\040\000C\000o\000n\000v\000o\000l\000u\000t\000i\000o\000n\000a\000l\000\040\000N\000e\000u\000r\000a\000l\000\040\000N\000e\000t\000w\000o\000r\000k\000s}{section.2.3}% 18
\BOOKMARK [2][]{subsection.2.3.3}{\376\377\0002\000.\0003\000.\0003\000\040\000P\000a\000p\000e\000r\000\040\000O\000b\000j\000e\000c\000t\000\040\000D\000e\000t\000e\000c\000t\000i\000o\000n}{section.2.3}% 19
\BOOKMARK [2][]{subsection.2.3.4}{\376\377\0002\000.\0003\000.\0004\000\040\000D\000e\000e\000p\000\040\000L\000e\000a\000r\000n\000i\000n\000g\000\040\000L\000i\000b\000r\000a\000r\000y}{section.2.3}% 20
\BOOKMARK [0][]{chapter.3}{\376\377\0003\000\040\000P\000E\000R\000A\000N\000C\000A\000N\000G\000A\000N\000\040\000S\000I\000S\000T\000E\000M}{}% 21
\BOOKMARK [1][]{section.3.1}{\376\377\0003\000.\0001\000\040\000\040\000P\000e\000r\000a\000n\000c\000a\000n\000g\000a\000n\000\040\000S\000i\000s\000t\000e\000m\000\040\000K\000e\000r\000j\000a}{chapter.3}% 22
\BOOKMARK [2][]{subsection.3.1.1}{\376\377\0003\000.\0001\000.\0001\000\040\000\040\000S\000k\000e\000n\000a\000r\000i\000o\000\040\000Y\000a\000n\000g\000\040\000D\000i\000g\000u\000n\000a\000k\000a\000n}{section.3.1}% 23
\BOOKMARK [2][]{subsection.3.1.2}{\376\377\0003\000.\0001\000.\0002\000\040\000\040\000G\000a\000m\000b\000a\000r\000\040\000D\000r\000o\000n\000e\000\040\000B\000a\000w\000a\000\040\000K\000o\000t\000a\000k\000\040\000S\000e\000n\000s\000o\000r}{section.3.1}% 24
\BOOKMARK [1][]{section.3.2}{\376\377\0003\000.\0002\000\040\000\040\000K\000o\000n\000f\000i\000g\000u\000r\000a\000s\000i\000\040\000P\000e\000r\000a\000n\000g\000k\000a\000t\000\040\000K\000e\000r\000a\000s\000\040\000D\000a\000n\000\040\000L\000u\000n\000a\000k}{chapter.3}% 25
\BOOKMARK [2][]{subsection.3.2.1}{\376\377\0003\000.\0002\000.\0001\000\040\000\040\000S\000p\000e\000s\000i\000f\000i\000k\000a\000s\000i\000\040\000P\000e\000n\000g\000o\000l\000a\000h\000a\000n\000\040\000D\000a\000t\000a}{section.3.2}% 26
\BOOKMARK [2][]{subsection.3.2.2}{\376\377\0003\000.\0002\000.\0002\000\040\000\040\000I\000n\000s\000t\000a\000l\000a\000s\000i\000\040\000s\000o\000f\000t\000w\000a\000r\000e\000\040\000\050\000c\000u\000d\000a\000,\000\040\000c\000u\000d\000n\000n\000\051}{section.3.2}% 27
\BOOKMARK [2][]{subsection.3.2.3}{\376\377\0003\000.\0002\000.\0003\000\040\000\040\000P\000e\000r\000a\000n\000g\000k\000a\000t\000\040\000p\000e\000n\000g\000a\000m\000b\000i\000l\000a\000n\000\040\000d\000a\000t\000a\000\040\000\050\000r\000a\000s\000p\000b\000e\000r\000r\000y\000\040\000s\000k\000e\000m\000a\000t\000i\000k\000,\000\040\000b\000e\000r\000a\000p\000a\000\040\000m\000e\000g\000a\000p\000i\000k\000s\000e\000l\000\040\000d\000e\000n\000g\000a\000n\000\040\000k\000e\000c\000e\000p\000a\000t\000a\000n\000\040\000t\000e\000r\000b\000a\000n\000g\000\040\000b\000e\000r\000a\000p\000a\000\051}{section.3.2}% 28
\BOOKMARK [2][]{subsection.3.2.4}{\376\377\0003\000.\0002\000.\0004\000\040\000\040\000K\000o\000m\000u\000n\000i\000k\000a\000s\000i\000\040\000p\000e\000n\000g\000i\000r\000i\000m\000a\000n\000\040\000d\000a\000t\000a\000\040\000\050\000g\000u\000i\000,\000\040\000m\000q\000t\000t\000,\000\040\000m\000a\000v\000l\000i\000n\000k\000\051}{section.3.2}% 29
\BOOKMARK [1][]{section.3.3}{\376\377\0003\000.\0003\000\040\000\040\000P\000r\000o\000s\000e\000s\000\040\000l\000e\000a\000r\000n\000i\000n\000g\000\040\000C\000N\000N\000\040}{chapter.3}% 30
\BOOKMARK [2][]{subsection.3.3.1}{\376\377\0003\000.\0003\000.\0001\000\040\000\040\000D\000a\000t\000a\000s\000e\000t}{section.3.3}% 31
\BOOKMARK [2][]{subsection.3.3.2}{\376\377\0003\000.\0003\000.\0002\000\040\000\040\000S\000t\000r\000u\000k\000t\000u\000r\000\040\000L\000a\000y\000e\000r}{section.3.3}% 32
\BOOKMARK [2][]{subsection.3.3.3}{\376\377\0003\000.\0003\000.\0003\000\040\000\040\000P\000e\000n\000j\000e\000l\000a\000s\000a\000n\000\040\000m\000a\000s\000i\000n\000g\000\040\000m\000a\000s\000i\000n\000g\000\040\000l\000a\000y\000e\000r\000\040\000\050\000y\000a\000n\000g\000\040\000d\000i\000\040\000i\000p\000y\000n\000b\000\051}{section.3.3}% 33
\BOOKMARK [2][]{subsection.3.3.4}{\376\377\0003\000.\0003\000.\0004\000\040\000\040\000P\000a\000r\000a\000m\000e\000t\000e\000r\000\040\000\050\000L\000e\000a\000r\000n\000i\000n\000g\000\040\000r\000a\000t\000e\000\040\000d\000k\000k\000\040\000y\000a\000n\000g\000\040\000a\000d\000a\000\040\000d\000i\000\040\000o\000p\000t\000i\000o\000n\000\040\000c\000o\000m\000p\000i\000l\000e\000\051}{section.3.3}% 34
\BOOKMARK [2][]{subsection.3.3.5}{\376\377\0003\000.\0003\000.\0005\000\040\000\040\000V\000i\000s\000u\000a\000l\000i\000s\000a\000s\000i\000\040\000L\000a\000y\000e\000r\000\040\000\050\000C\000a\000r\000a\000\040\000m\000e\000l\000i\000h\000a\000t\000\040\000v\000i\000s\000u\000a\000l\000i\000s\000a\000s\000i\000\051}{section.3.3}% 35
\BOOKMARK [0][]{chapter.4}{\376\377\0004\000\040\000P\000e\000n\000g\000u\000j\000i\000a\000n\000\040\000d\000a\000n\000\040\000A\000n\000a\000l\000i\000s\000a\000\040\000S\000i\000s\000t\000e\000m}{}% 36
\BOOKMARK [1][]{section.4.1}{\376\377\0004\000.\0001\000\040\000P\000e\000n\000g\000u\000j\000i\000a\000n\000\040\000P\000e\000n\000g\000a\000m\000b\000i\000l\000a\000n\000\040\000d\000a\000n\000\040\000P\000e\000n\000g\000i\000r\000i\000m\000a\000n\000\040\000G\000a\000m\000b\000a\000r}{chapter.4}% 37
\BOOKMARK [1][]{section.4.2}{\376\377\0004\000.\0002\000\040\000P\000e\000n\000g\000u\000j\000i\000a\000n\000\040\000L\000e\000a\000r\000n\000i\000n\000g\000\040\000d\000a\000n\000\040\000T\000e\000s\000t\000i\000n\000g\000\040\000B\000e\000r\000b\000a\000g\000a\000i\000\040\000N\000e\000t}{chapter.4}% 38
\BOOKMARK [1][]{section.4.3}{\376\377\0004\000.\0003\000\040\000P\000e\000n\000g\000u\000j\000i\000a\000n\000\040\000D\000e\000t\000e\000k\000s\000i\000\040\000M\000a\000n\000u\000s\000i\000a\000\040\000M\000e\000n\000g\000g\000u\000n\000a\000k\000a\000n\000\040\000I\000D\000V\000-\0005\0000}{chapter.4}% 39
\BOOKMARK [1][]{section.4.4}{\376\377\0004\000.\0004\000\040\000P\000e\000n\000g\000u\000j\000i\000a\000n\000\040\000D\000e\000t\000e\000k\000s\000i\000\040\000P\000a\000d\000a\000\040\000V\000a\000r\000i\000a\000n\000\040\000K\000e\000t\000i\000n\000g\000g\000i\000a\000n}{chapter.4}% 40
\BOOKMARK [0][]{chapter.5}{\376\377\0005\000\040\000P\000E\000N\000U\000T\000U\000P}{}% 41
\BOOKMARK [1][]{section.5.1}{\376\377\0005\000.\0001\000\040\000K\000e\000s\000i\000m\000p\000u\000l\000a\000n}{chapter.5}% 42
\BOOKMARK [1][]{section.5.2}{\376\377\0005\000.\0002\000\040\000S\000a\000r\000a\000n}{chapter.5}% 43
\BOOKMARK [0][]{chapter*.42}{\376\377\000D\000a\000f\000t\000a\000r\000\040\000P\000u\000s\000t\000a\000k\000a}{}% 44
